Erro ao ler arquivo `13_Reasons_Why.html`
Erro ao ler arquivo `Daredevil.html`
Erro ao ler arquivo `Scorpion.html`
Erro ao ler arquivo `Sense8.html`
Erro ao ler arquivo `Sherlock.html`
Erro ao ler arquivo `Stranger_Things.html`
Erro ao ler arquivo `Suits.html`
Erro ao ler arquivo `Supernatural.html`
Erro ao ler arquivo `Teen Wolf.html`
Erro ao ler arquivo `The 100.html`
Erro ao ler arquivo `The Flash.html`
Erro ao ler arquivo `The Ranch.html`
Erro ao ler arquivo `Dexter.html`
Erro ao ler arquivo `Doctor_Who.html`
Erro ao ler arquivo `Downton_Abbey.html`
Erro ao ler arquivo `Everybody_Hates_Chris.html`
Erro ao ler arquivo `Forever.html`
Erro ao ler arquivo `24.html`
Erro ao ler arquivo `American_Horror_Story.html`
Erro ao ler arquivo `Anne.html`
Erro ao ler arquivo `Arrow.html`
Erro ao ler arquivo `Black_Mirror.html`
Erro ao ler arquivo `Blindspot.html`
Erro ao ler arquivo `Breaking_Bad.html`
Erro ao ler arquivo `Os_Simpsons.html`
Erro ao ler arquivo `Outlander.html`
Erro ao ler arquivo `Penny_Dreadful.html`
Erro ao ler arquivo `Gotham.html`
Erro ao ler arquivo `Grey's_Anatomy.html`
Erro ao ler arquivo `Orphan_Black.html`
Erro ao ler arquivo `The Walking Dead.html`
Erro ao ler arquivo `The_4400.html`
Erro ao ler arquivo `The_Big_Bang_Theory.html`
Erro ao ler arquivo `The_Fresh_Prince_of_Bel-Air.html`
Erro ao ler arquivo `Grimm.html`
Erro ao ler arquivo `House_of_Cards_.html`
Erro ao ler arquivo `How to Get Away with Murder.html`
Erro ao ler arquivo `How_I_Met_Your_Mother.html`
Erro ao ler arquivo `Jessica_Jones.html`
Erro ao ler arquivo `Pretty_Little_Liars.html`
Erro ao ler arquivo `Prison_Break.html`
Erro ao ler arquivo `Reign.html`
Erro ao ler arquivo `Castle.html`
Erro ao ler arquivo `Criminal_Minds.html`
Erro ao ler arquivo `Smallville.html`
Erro ao ler arquivo `Sons of Anarchy.html`
Erro ao ler arquivo `Friends.html`
Erro ao ler arquivo `Game_of_Thrones.html`
Erro ao ler arquivo `Gossip_Girl.html`
Erro ao ler arquivo `Lucifer.html`
Erro ao ler arquivo `My_Wife_and_Kids.html`
Erro ao ler arquivo `Narcos.html`
Erro ao ler arquivo `Once_Upon_a_Time_.html`
Erro ao ler arquivo `Orange_Is_the_New_Black.html`
Erro ao ler arquivo `The_Originals.html`
Erro ao ler arquivo `The_Vampire_Diaries.html`
Erro ao ler arquivo `True Detective.html`
Erro ao ler arquivo `Under_the_Dome.html`
Erro ao ler arquivo `Vikings.html`
Erro ao ler arquivo `Westworld.html`
Erro ao ler arquivo `White Collar.html`
